     Creating library C:\Project\Point_Cloud_Registration\GICP_VS\GICP_VS\x64\Debug\GICP_VS.lib and object C:\Project\Point_Cloud_Registration\GICP_VS\GICP_VS\x64\Debug\GICP_VS.exp
GICP_VS.exp : warning LNK4070: /OUT:MYFILE.dll directive in .EXP differs from output filename 'C:\Project\Point_Cloud_Registration\GICP_VS\GICP_VS\x64\Debug\GICP_VS.mexw64'; ignoring directive
bfgs_funcs.obj : error LNK2019: unresolved external symbol gsl_vector_view_array referenced in function "private: static void __cdecl dgc::gicp::GICPOptimizer::df(struct gsl_vector const *,void *,struct gsl_vector *)" (?df@GICPOptimizer@gicp@dgc@@CAXPEBUgsl_vector@@PEAXPEAU4@@Z)
bfgs_funcs.obj : error LNK2019: unresolved external symbol gsl_vector_subvector referenced in function "private: static void __cdecl dgc::gicp::GICPOptimizer::df(struct gsl_vector const *,void *,struct gsl_vector *)" (?df@GICPOptimizer@gicp@dgc@@CAXPEBUgsl_vector@@PEAXPEAU4@@Z)
bfgs_funcs.obj : error LNK2019: unresolved external symbol gsl_vector_set_zero referenced in function "private: static void __cdecl dgc::gicp::GICPOptimizer::df(struct gsl_vector const *,void *,struct gsl_vector *)" (?df@GICPOptimizer@gicp@dgc@@CAXPEBUgsl_vector@@PEAXPEAU4@@Z)
bfgs_funcs.obj : error LNK2019: unresolved external symbol gsl_matrix_view_array referenced in function "private: static void __cdecl dgc::gicp::GICPOptimizer::df(struct gsl_vector const *,void *,struct gsl_vector *)" (?df@GICPOptimizer@gicp@dgc@@CAXPEBUgsl_vector@@PEAXPEAU4@@Z)
gicp.obj : error LNK2001: unresolved external symbol gsl_matrix_view_array
optimize.obj : error LNK2001: unresolved external symbol gsl_matrix_view_array
bfgs_funcs.obj : error LNK2019: unresolved external symbol gsl_matrix_set_zero referenced in function "private: static void __cdecl dgc::gicp::GICPOptimizer::df(struct gsl_vector const *,void *,struct gsl_vector *)" (?df@GICPOptimizer@gicp@dgc@@CAXPEBUgsl_vector@@PEAXPEAU4@@Z)
gicp.obj : error LNK2001: unresolved external symbol gsl_matrix_set_zero
bfgs_funcs.obj : error LNK2019: unresolved external symbol gsl_blas_ddot referenced in function "private: static void __cdecl dgc::gicp::GICPOptimizer::df(struct gsl_vector const *,void *,struct gsl_vector *)" (?df@GICPOptimizer@gicp@dgc@@CAXPEBUgsl_vector@@PEAXPEAU4@@Z)
bfgs_funcs.obj : error LNK2019: unresolved external symbol gsl_blas_dsymv referenced in function "private: static void __cdecl dgc::gicp::GICPOptimizer::df(struct gsl_vector const *,void *,struct gsl_vector *)" (?df@GICPOptimizer@gicp@dgc@@CAXPEBUgsl_vector@@PEAXPEAU4@@Z)
bfgs_funcs.obj : error LNK2019: unresolved external symbol gsl_blas_dger referenced in function "private: static void __cdecl dgc::gicp::GICPOptimizer::df(struct gsl_vector const *,void *,struct gsl_vector *)" (?df@GICPOptimizer@gicp@dgc@@CAXPEBUgsl_vector@@PEAXPEAU4@@Z)
gicp.obj : error LNK2001: unresolved external symbol gsl_blas_dger
gicp.obj : error LNK2019: unresolved external symbol gsl_strerror referenced in function "public: char const * __cdecl dgc::gicp::GICPOptimizer::Status(void)" (?Status@GICPOptimizer@gicp@dgc@@QEAAPEBDXZ)
optimize.obj : error LNK2001: unresolved external symbol gsl_strerror
gicp.obj : error LNK2019: unresolved external symbol gsl_vector_alloc referenced in function "public: void __cdecl dgc::gicp::GICPPointSet::ComputeMatrices(void)" (?ComputeMatrices@GICPPointSet@gicp@dgc@@QEAAXXZ)
optimize.obj : error LNK2001: unresolved external symbol gsl_vector_alloc
gicp.obj : error LNK2019: unresolved external symbol gsl_vector_free referenced in function "public: void __cdecl dgc::gicp::GICPPointSet::ComputeMatrices(void)" (?ComputeMatrices@GICPPointSet@gicp@dgc@@QEAAXXZ)
optimize.obj : error LNK2001: unresolved external symbol gsl_vector_free
gicp.obj : error LNK2019: unresolved external symbol gsl_matrix_alloc referenced in function "public: int __cdecl dgc::gicp::GICPPointSet::AlignScan(class dgc::gicp::GICPPointSet *,double (* const)[4],double (* const)[4],double,bool)" (?AlignScan@GICPPointSet@gicp@dgc@@QEAAHPEAV123@QEAY03N1N_N@Z)
gicp.obj : error LNK2019: unresolved external symbol gsl_matrix_free referenced in function "public: int __cdecl dgc::gicp::GICPPointSet::AlignScan(class dgc::gicp::GICPPointSet *,double (* const)[4],double (* const)[4],double,bool)" (?AlignScan@GICPPointSet@gicp@dgc@@QEAAHPEAV123@QEAY03N1N_N@Z)
gicp.obj : error LNK2019: unresolved external symbol gsl_matrix_row referenced in function "public: int __cdecl dgc::gicp::GICPPointSet::AlignScan(class dgc::gicp::GICPPointSet *,double (* const)[4],double (* const)[4],double,bool)" (?AlignScan@GICPPointSet@gicp@dgc@@QEAAHPEAV123@QEAY03N1N_N@Z)
gicp.obj : error LNK2019: unresolved external symbol gsl_matrix_column referenced in function "public: void __cdecl dgc::gicp::GICPPointSet::ComputeMatrices(void)" (?ComputeMatrices@GICPPointSet@gicp@dgc@@QEAAXXZ)
gicp.obj : error LNK2019: unresolved external symbol gsl_matrix_set_identity referenced in function "public: int __cdecl dgc::gicp::GICPPointSet::AlignScan(class dgc::gicp::GICPPointSet *,double (* const)[4],double (* const)[4],double,bool)" (?AlignScan@GICPPointSet@gicp@dgc@@QEAAHPEAV123@QEAY03N1N_N@Z)
gicp.obj : error LNK2019: unresolved external symbol gsl_matrix_add referenced in function "public: int __cdecl dgc::gicp::GICPPointSet::AlignScan(class dgc::gicp::GICPPointSet *,double (* const)[4],double (* const)[4],double,bool)" (?AlignScan@GICPPointSet@gicp@dgc@@QEAAHPEAV123@QEAY03N1N_N@Z)
gicp.obj : error LNK2019: unresolved external symbol gsl_matrix_set referenced in function "public: int __cdecl dgc::gicp::GICPPointSet::AlignScan(class dgc::gicp::GICPPointSet *,double (* const)[4],double (* const)[4],double,bool)" (?AlignScan@GICPPointSet@gicp@dgc@@QEAAHPEAV123@QEAY03N1N_N@Z)
gicp.obj : error LNK2019: unresolved external symbol gsl_linalg_SV_decomp referenced in function "public: void __cdecl dgc::gicp::GICPPointSet::ComputeMatrices(void)" (?ComputeMatrices@GICPPointSet@gicp@dgc@@QEAAXXZ)
gicp.obj : error LNK2019: unresolved external symbol gsl_linalg_cholesky_decomp referenced in function "public: int __cdecl dgc::gicp::GICPPointSet::AlignScan(class dgc::gicp::GICPPointSet *,double (* const)[4],double (* const)[4],double,bool)" (?AlignScan@GICPPointSet@gicp@dgc@@QEAAHPEAV123@QEAY03N1N_N@Z)
gicp.obj : error LNK2019: unresolved external symbol gsl_linalg_cholesky_svx referenced in function "public: int __cdecl dgc::gicp::GICPPointSet::AlignScan(class dgc::gicp::GICPPointSet *,double (* const)[4],double (* const)[4],double,bool)" (?AlignScan@GICPPointSet@gicp@dgc@@QEAAHPEAV123@QEAY03N1N_N@Z)
gicp.obj : error LNK2019: unresolved external symbol gsl_blas_dgemm referenced in function "public: int __cdecl dgc::gicp::GICPPointSet::AlignScan(class dgc::gicp::GICPPointSet *,double (* const)[4],double (* const)[4],double,bool)" (?AlignScan@GICPPointSet@gicp@dgc@@QEAAHPEAV123@QEAY03N1N_N@Z)
optimize.obj : error LNK2019: unresolved external symbol gsl_vector_get referenced in function "public: void __cdecl dgc::gicp::GICPOptimizer::PlotError(double (* const)[4],struct dgc::gicp::GICPOptData &,char const *)" (?PlotError@GICPOptimizer@gicp@dgc@@QEAAXQEAY03NAEAUGICPOptData@23@PEBD@Z)
optimize.obj : error LNK2019: unresolved external symbol gsl_vector_set referenced in function "public: bool __cdecl dgc::gicp::GICPOptimizer::Optimize(double (* const)[4],struct dgc::gicp::GICPOptData &)" (?Optimize@GICPOptimizer@gicp@dgc@@QEAA_NQEAY03NAEAUGICPOptData@23@@Z)
optimize.obj : error LNK2019: unresolved external symbol gsl_matrix_get referenced in function "private: static double __cdecl dgc::gicp::GICPOptimizer::mat_inner_prod(struct gsl_matrix const *,struct gsl_matrix const *)" (?mat_inner_prod@GICPOptimizer@gicp@dgc@@CANPEBUgsl_matrix@@0@Z)
optimize.obj : error LNK2019: unresolved external symbol gsl_multimin_test_gradient referenced in function "public: bool __cdecl dgc::gicp::GICPOptimizer::Optimize(double (* const)[4],struct dgc::gicp::GICPOptData &)" (?Optimize@GICPOptimizer@gicp@dgc@@QEAA_NQEAY03NAEAUGICPOptData@23@@Z)
optimize.obj : error LNK2019: unresolved external symbol gsl_multimin_fdfminimizer_alloc referenced in function "public: __cdecl dgc::gicp::GICPOptimizer::GICPOptimizer(void)" (??0GICPOptimizer@gicp@dgc@@QEAA@XZ)
optimize.obj : error LNK2019: unresolved external symbol gsl_multimin_fdfminimizer_set referenced in function "public: bool __cdecl dgc::gicp::GICPOptimizer::Optimize(double (* const)[4],struct dgc::gicp::GICPOptData &)" (?Optimize@GICPOptimizer@gicp@dgc@@QEAA_NQEAY03NAEAUGICPOptData@23@@Z)
optimize.obj : error LNK2019: unresolved external symbol gsl_multimin_fdfminimizer_free referenced in function "public: __cdecl dgc::gicp::GICPOptimizer::~GICPOptimizer(void)" (??1GICPOptimizer@gicp@dgc@@QEAA@XZ)
optimize.obj : error LNK2019: unresolved external symbol gsl_multimin_fdfminimizer_iterate referenced in function "public: bool __cdecl dgc::gicp::GICPOptimizer::Optimize(double (* const)[4],struct dgc::gicp::GICPOptData &)" (?Optimize@GICPOptimizer@gicp@dgc@@QEAA_NQEAY03NAEAUGICPOptData@23@@Z)
optimize.obj : error LNK2001: unresolved external symbol gsl_multimin_fdfminimizer_vector_bfgs2
C:\Code_Libraries\GSL\lib\gsl.lib : warning LNK4272: library machine type 'X86' conflicts with target machine type 'x64'
C:\Code_Libraries\GSL\lib\gslcblas.lib : warning LNK4272: library machine type 'X86' conflicts with target machine type 'x64'
C:\Project\Point_Cloud_Registration\GICP_VS\GICP_VS\x64\Debug\GICP_VS.mexw64 : fatal error LNK1120: 31 unresolved externals
